[2m5:37:34 PM[22m [31m[1m[vite][22m[39m [31mInternal server error: C:\xampp\htdocs\face\face-vite\src\App.jsx: Identifier 'payload' has already been declared. (19:40)

[0m [90m 17 |[31m [36mconst[31m [33mACTIVE_SECTION_STORAGE_KEY[31m [33m=[31m [32m'adminActiveSection'[31m
 [90m 18 |[31m
[31m[1m>[22m[31m[90m 19 |[31m [36masync[31m [36mfunction[31m rpcRequest(functionName[33m,[31m payload [33m=[31m {}) {
 [90m    |[31m                                         [31m[1m^[22m[31m
 [90m 20 |[31m   [36mconst[31m response [33m=[31m [36mawait[31m fetch([32m`${SUPABASE_URL}/rest/v1/rpc/${functionName}`[31m[33m,[31m {
 [90m 21 |[31m     method[33m:[31m [32m'POST'[31m[33m,[31m
 [90m 22 |[31m     headers[33m:[31m {[0m[39m
  Plugin: [35mvite:react-babel[39m
  File: [36mC:/xampp/htdocs/face/face-vite/src/App.jsx[39m:19:40
[33m  17 |  const ACTIVE_SECTION_STORAGE_KEY = 'adminActiveSection'
  18 |  
  19 |  async function rpcRequest(functionName, payload = {}) {
     |                                          ^
  20 |    const response = await fetch(`${SUPABASE_URL}/rest/v1/rpc/${functionName}`, {
  21 |      method: 'POST',[39m
      at constructor (C:\xampp\htdocs\face\face-vite\node_modules\@babel\parser\lib\index.js:365:19)
      at JSXParserMixin.raise (C:\xampp\htdocs\face\face-vite\node_modules\@babel\parser\lib\index.js:6599:19)
      at ScopeHandler.checkRedeclarationInScope (C:\xampp\htdocs\face\face-vite\node_modules\@babel\parser\lib\index.js:1619:19)
      at ScopeHandler.declareName (C:\xampp\htdocs\face\face-vite\node_modules\@babel\parser\lib\index.js:1602:14)
      at JSXParserMixin.declareNameFromIdentifier (C:\xampp\htdocs\face\face-vite\node_modules\@babel\parser\lib\index.js:7567:16)
      at JSXParserMixin.checkIdentifier (C:\xampp\htdocs\face\face-vite\node_modules\@babel\parser\lib\index.js:7563:12)
      at JSXParserMixin.checkLVal (C:\xampp\htdocs\face\face-vite\node_modules\@babel\parser\lib\index.js:7500:12)
      at JSXParserMixin.checkLVal (C:\xampp\htdocs\face\face-vite\node_modules\@babel\parser\lib\index.js:7544:12)
      at JSXParserMixin.checkParams (C:\xampp\htdocs\face\face-vite\node_modules\@babel\parser\lib\index.js:12131:12)
      at JSXParserMixin.<anonymous> (C:\xampp\htdocs\face\face-vite\node_modules\@babel\parser\lib\index.js:12106:14)
      at JSXParserMixin.parseBlockOrModuleBlockBody (C:\xampp\htdocs\face\face-vite\node_modules\@babel\parser\lib\index.js:13332:48)
      at JSXParserMixin.parseBlockBody (C:\xampp\htdocs\face\face-vite\node_modules\@babel\parser\lib\index.js:13309:10)
      at JSXParserMixin.parseBlock (C:\xampp\htdocs\face\face-vite\node_modules\@babel\parser\lib\index.js:13297:10)
      at JSXParserMixin.parseFunctionBody (C:\xampp\htdocs\face\face-vite\node_modules\@babel\parser\lib\index.js:12100:24)
      at JSXParserMixin.parseFunctionBodyAndFinish (C:\xampp\htdocs\face\face-vite\node_modules\@babel\parser\lib\index.js:12086:10)
      at C:\xampp\htdocs\face\face-vite\node_modules\@babel\parser\lib\index.js:13445:12
      at JSXParserMixin.withSmartMixTopicForbiddingContext (C:\xampp\htdocs\face\face-vite\node_modules\@babel\parser\lib\index.js:12403:14)
      at JSXParserMixin.parseFunction (C:\xampp\htdocs\face\face-vite\node_modules\@babel\parser\lib\index.js:13444:10)
      at JSXParserMixin.parseFunctionStatement (C:\xampp\htdocs\face\face-vite\node_modules\@babel\parser\lib\index.js:13125:17)
      at JSXParserMixin.parseStatementContent (C:\xampp\htdocs\face\face-vite\node_modules\@babel\parser\lib\index.js:12890:25)
      at JSXParserMixin.parseStatementLike (C:\xampp\htdocs\face\face-vite\node_modules\@babel\parser\lib\index.js:12767:17)
      at JSXParserMixin.parseModuleItem (C:\xampp\htdocs\face\face-vite\node_modules\@babel\parser\lib\index.js:12744:17)
      at JSXParserMixin.parseBlockOrModuleBlockBody (C:\xampp\htdocs\face\face-vite\node_modules\@babel\parser\lib\index.js:13316:36)
      at JSXParserMixin.parseBlockBody (C:\xampp\htdocs\face\face-vite\node_modules\@babel\parser\lib\index.js:13309:10)
      at JSXParserMixin.parseProgram (C:\xampp\htdocs\face\face-vite\node_modules\@babel\parser\lib\index.js:12622:10)
      at JSXParserMixin.parseTopLevel (C:\xampp\htdocs\face\face-vite\node_modules\@babel\parser\lib\index.js:12612:25)
      at JSXParserMixin.parse (C:\xampp\htdocs\face\face-vite\node_modules\@babel\parser\lib\index.js:14488:25)
      at parse (C:\xampp\htdocs\face\face-vite\node_modules\@babel\parser\lib\index.js:14522:38)
      at parser (C:\xampp\htdocs\face\face-vite\node_modules\@babel\core\lib\parser\index.js:41:34)
      at parser.next (<anonymous>)
      at normalizeFile (C:\xampp\htdocs\face\face-vite\node_modules\@babel\core\lib\transformation\normalize-file.js:64:37)
      at normalizeFile.next (<anonymous>)
      at run (C:\xampp\htdocs\face\face-vite\node_modules\@babel\core\lib\transformation\index.js:22:50)
      at run.next (<anonymous>)
      at transform (C:\xampp\htdocs\face\face-vite\node_modules\@babel\core\lib\transform.js:22:33)
      at transform.next (<anonymous>)
      at step (C:\xampp\htdocs\face\face-vite\node_modules\gensync\index.js:261:32)
      at C:\xampp\htdocs\face\face-vite\node_modules\gensync\index.js:273:13
      at async.call.result.err.err (C:\xampp\htdocs\face\face-vite\node_modules\gensync\index.js:223:11)
      at C:\xampp\htdocs\face\face-vite\node_modules\gensync\index.js:189:28
      at C:\xampp\htdocs\face\face-vite\node_modules\@babel\core\lib\gensync-utils\async.js:67:7
      at C:\xampp\htdocs\face\face-vite\node_modules\gensync\index.js:113:33
      at step (C:\xampp\htdocs\face\face-vite\node_modules\gensync\index.js:287:14)
      at C:\xampp\htdocs\face\face-vite\node_modules\gensync\index.js:273:13
      at async.call.result.err.err (C:\xampp\htdocs\face\face-vite\node_modules\gensync\index.js:223:11)
[2m5:41:12 PM[22m [31m[1m[vite][22m[39m [31m[2m(client)[22m[39m Pre-transform error: C:\xampp\htdocs\face\face-vite\src\App.jsx: Identifier 'payload' has already been declared. (19:40)

[0m [90m 17 |[39m [36mconst[39m [33mACTIVE_SECTION_STORAGE_KEY[39m [33m=[39m [32m'adminActiveSection'[39m
 [90m 18 |[39m
[31m[1m>[22m[39m[90m 19 |[39m [36masync[39m [36mfunction[39m rpcRequest(functionName[33m,[39m payload [33m=[39m {}) {
 [90m    |[39m                                         [31m[1m^[22m[39m
 [90m 20 |[39m   [36mconst[39m response [33m=[39m [36mawait[39m fetch([32m`${SUPABASE_URL}/rest/v1/rpc/${functionName}`[39m[33m,[39m {
 [90m 21 |[39m     method[33m:[39m [32m'POST'[39m[33m,[39m
 [90m 22 |[39m     headers[33m:[39m {[0m
  Plugin: [35mvite:react-babel[39m
  File: [36mC:/xampp/htdocs/face/face-vite/src/App.jsx[39m:19:40
[33m  17 |  const ACTIVE_SECTION_STORAGE_KEY = 'adminActiveSection'
  18 |  
  19 |  async function rpcRequest(functionName, payload = {}) {
     |                                          ^
  20 |    const response = await fetch(`${SUPABASE_URL}/rest/v1/rpc/${functionName}`, {
  21 |      method: 'POST',[39m
[2m5:41:13 PM[22m [31m[1m[vite][22m[39m [31mInternal server error: C:\xampp\htdocs\face\face-vite\src\App.jsx: Identifier 'payload' has already been declared. (19:40)

[0m [90m 17 |[31m [36mconst[31m [33mACTIVE_SECTION_STORAGE_KEY[31m [33m=[31m [32m'adminActiveSection'[31m
 [90m 18 |[31m
[31m[1m>[22m[31m[90m 19 |[31m [36masync[31m [36mfunction[31m rpcRequest(functionName[33m,[31m payload [33m=[31m {}) {
 [90m    |[31m                                         [31m[1m^[22m[31m
 [90m 20 |[31m   [36mconst[31m response [33m=[31m [36mawait[31m fetch([32m`${SUPABASE_URL}/rest/v1/rpc/${functionName}`[31m[33m,[31m {
 [90m 21 |[31m     method[33m:[31m [32m'POST'[31m[33m,[31m
 [90m 22 |[31m     headers[33m:[31m {[0m[39m
  Plugin: [35mvite:react-babel[39m
  File: [36mC:/xampp/htdocs/face/face-vite/src/App.jsx[39m:19:40
[33m  17 |  const ACTIVE_SECTION_STORAGE_KEY = 'adminActiveSection'
  18 |  
  19 |  async function rpcRequest(functionName, payload = {}) {
     |                                          ^
  20 |    const response = await fetch(`${SUPABASE_URL}/rest/v1/rpc/${functionName}`, {
  21 |      method: 'POST',[39m
      at constructor (C:\xampp\htdocs\face\face-vite\node_modules\@babel\parser\lib\index.js:365:19)
      at JSXParserMixin.raise (C:\xampp\htdocs\face\face-vite\node_modules\@babel\parser\lib\index.js:6599:19)
      at ScopeHandler.checkRedeclarationInScope (C:\xampp\htdocs\face\face-vite\node_modules\@babel\parser\lib\index.js:1619:19)
      at ScopeHandler.declareName (C:\xampp\htdocs\face\face-vite\node_modules\@babel\parser\lib\index.js:1602:14)
      at JSXParserMixin.declareNameFromIdentifier (C:\xampp\htdocs\face\face-vite\node_modules\@babel\parser\lib\index.js:7567:16)
      at JSXParserMixin.checkIdentifier (C:\xampp\htdocs\face\face-vite\node_modules\@babel\parser\lib\index.js:7563:12)
      at JSXParserMixin.checkLVal (C:\xampp\htdocs\face\face-vite\node_modules\@babel\parser\lib\index.js:7500:12)
      at JSXParserMixin.checkLVal (C:\xampp\htdocs\face\face-vite\node_modules\@babel\parser\lib\index.js:7544:12)
      at JSXParserMixin.checkParams (C:\xampp\htdocs\face\face-vite\node_modules\@babel\parser\lib\index.js:12131:12)
      at JSXParserMixin.<anonymous> (C:\xampp\htdocs\face\face-vite\node_modules\@babel\parser\lib\index.js:12106:14)
      at JSXParserMixin.parseBlockOrModuleBlockBody (C:\xampp\htdocs\face\face-vite\node_modules\@babel\parser\lib\index.js:13332:48)
      at JSXParserMixin.parseBlockBody (C:\xampp\htdocs\face\face-vite\node_modules\@babel\parser\lib\index.js:13309:10)
      at JSXParserMixin.parseBlock (C:\xampp\htdocs\face\face-vite\node_modules\@babel\parser\lib\index.js:13297:10)
      at JSXParserMixin.parseFunctionBody (C:\xampp\htdocs\face\face-vite\node_modules\@babel\parser\lib\index.js:12100:24)
      at JSXParserMixin.parseFunctionBodyAndFinish (C:\xampp\htdocs\face\face-vite\node_modules\@babel\parser\lib\index.js:12086:10)
      at C:\xampp\htdocs\face\face-vite\node_modules\@babel\parser\lib\index.js:13445:12
      at JSXParserMixin.withSmartMixTopicForbiddingContext (C:\xampp\htdocs\face\face-vite\node_modules\@babel\parser\lib\index.js:12403:14)
      at JSXParserMixin.parseFunction (C:\xampp\htdocs\face\face-vite\node_modules\@babel\parser\lib\index.js:13444:10)
      at JSXParserMixin.parseFunctionStatement (C:\xampp\htdocs\face\face-vite\node_modules\@babel\parser\lib\index.js:13125:17)
      at JSXParserMixin.parseStatementContent (C:\xampp\htdocs\face\face-vite\node_modules\@babel\parser\lib\index.js:12890:25)
      at JSXParserMixin.parseStatementLike (C:\xampp\htdocs\face\face-vite\node_modules\@babel\parser\lib\index.js:12767:17)
      at JSXParserMixin.parseModuleItem (C:\xampp\htdocs\face\face-vite\node_modules\@babel\parser\lib\index.js:12744:17)
      at JSXParserMixin.parseBlockOrModuleBlockBody (C:\xampp\htdocs\face\face-vite\node_modules\@babel\parser\lib\index.js:13316:36)
      at JSXParserMixin.parseBlockBody (C:\xampp\htdocs\face\face-vite\node_modules\@babel\parser\lib\index.js:13309:10)
      at JSXParserMixin.parseProgram (C:\xampp\htdocs\face\face-vite\node_modules\@babel\parser\lib\index.js:12622:10)
      at JSXParserMixin.parseTopLevel (C:\xampp\htdocs\face\face-vite\node_modules\@babel\parser\lib\index.js:12612:25)
      at JSXParserMixin.parse (C:\xampp\htdocs\face\face-vite\node_modules\@babel\parser\lib\index.js:14488:25)
      at parse (C:\xampp\htdocs\face\face-vite\node_modules\@babel\parser\lib\index.js:14522:38)
      at parser (C:\xampp\htdocs\face\face-vite\node_modules\@babel\core\lib\parser\index.js:41:34)
      at parser.next (<anonymous>)
      at normalizeFile (C:\xampp\htdocs\face\face-vite\node_modules\@babel\core\lib\transformation\normalize-file.js:64:37)
      at normalizeFile.next (<anonymous>)
      at run (C:\xampp\htdocs\face\face-vite\node_modules\@babel\core\lib\transformation\index.js:22:50)
      at run.next (<anonymous>)
      at transform (C:\xampp\htdocs\face\face-vite\node_modules\@babel\core\lib\transform.js:22:33)
      at transform.next (<anonymous>)
      at step (C:\xampp\htdocs\face\face-vite\node_modules\gensync\index.js:261:32)
      at C:\xampp\htdocs\face\face-vite\node_modules\gensync\index.js:273:13
      at async.call.result.err.err (C:\xampp\htdocs\face\face-vite\node_modules\gensync\index.js:223:11)
      at C:\xampp\htdocs\face\face-vite\node_modules\gensync\index.js:189:28
      at C:\xampp\htdocs\face\face-vite\node_modules\@babel\core\lib\gensync-utils\async.js:67:7
      at C:\xampp\htdocs\face\face-vite\node_modules\gensync\index.js:113:33
      at step (C:\xampp\htdocs\face\face-vite\node_modules\gensync\index.js:287:14)
      at C:\xampp\htdocs\face\face-vite\node_modules\gensync\index.js:273:13
      at async.call.result.err.err (C:\xampp\htdocs\face\face-vite\node_modules\gensync\index.js:223:11)
